<?xml version="1.0" encoding="UTF-8"?>
<testng-results skipped="0" failed="0" total="1" passed="1">
  <reporter-output>
  </reporter-output>
  <suite name="Suite" duration-ms="32962" started-at="2019-01-13T09:06:02Z" finished-at="2019-01-13T09:06:35Z">
    <groups>
    </groups>
    <test name="Hotwire_automation_test" duration-ms="32962" started-at="2019-01-13T09:06:02Z" finished-at="2019-01-13T09:06:35Z">
      <class name="hotwire_automation_Testcases.Search_Test_Cases">
        <test-method status="PASS" signature="initialize()[pri:0, instance:hotwire_automation_Testcases.Search_Test_Cases@2ef5e5e3]" name="initialize" is-config="true" duration-ms="23264" started-at="2019-01-13T14:35:39Z" finished-at="2019-01-13T14:36:02Z">
          <reporter-output>
          </reporter-output>
        </test-method> <!-- initialize -->
        <test-method status="PASS" signature="Searchtest()[pri:0, instance:hotwire_automation_Testcases.Search_Test_Cases@2ef5e5e3]" name="Searchtest" duration-ms="32943" started-at="2019-01-13T14:36:02Z" finished-at="2019-01-13T14:36:35Z">
          <reporter-output>
          </reporter-output>
        </test-method> <!-- Searchtest -->
        <test-method status="PASS" signature="TeardownTest()[pri:0, instance:hotwire_automation_Testcases.Search_Test_Cases@2ef5e5e3]" name="TeardownTest" is-config="true" duration-ms="748" started-at="2019-01-13T14:36:35Z" finished-at="2019-01-13T14:36:36Z">
          <reporter-output>
          </reporter-output>
        </test-method> <!-- TeardownTest -->
      </class> <!-- hotwire_automation_Testcases.Search_Test_Cases -->
    </test> <!-- Hotwire_automation_test -->
  </suite> <!-- Suite -->
</testng-results>
